<?xml version="1.0" encoding="UTF-8"?>
<testng-results ignored="0" total="1" passed="1" failed="0" skipped="0">
  <reporter-output>
  </reporter-output>
  <suite started-at="2023-03-21T13:29:09 IST" name="Default suite" finished-at="2023-03-21T13:29:09 IST" duration-ms="24">
    <groups>
    </groups>
    <test started-at="2023-03-21T13:29:09 IST" name="Default test" finished-at="2023-03-21T13:29:09 IST" duration-ms="24">
      <class name="testScript.Practice">
        <test-method signature="demo()[pri:0, instance:testScript.Practice@34b7ac2f]" started-at="2023-03-21T13:29:09 IST" name="demo" finished-at="2023-03-21T13:29:09 IST" duration-ms="5" status="PASS">
          <reporter-output>
          </reporter-output>
        </test-method> <!-- demo -->
      </class> <!-- testScript.Practice -->
    </test> <!-- Default test -->
  </suite> <!-- Default suite -->
</testng-results>
