<?xml version="1.0" encoding="UTF-8"?>
<testng-results ignored="0" total="2" passed="2" failed="0" skipped="0">
  <reporter-output>
  </reporter-output>
  <suite started-at="2023-03-22T01:32:48 IST" name="Suite" finished-at="2023-03-22T01:32:48 IST" duration-ms="27">
    <groups>
    </groups>
    <test started-at="2023-03-22T01:32:48 IST" name="Test" finished-at="2023-03-22T01:32:48 IST" duration-ms="27">
      <class name="testScript.Practice">
        <test-method signature="demo()[pri:0, instance:testScript.Practice@e056f20]" started-at="2023-03-22T01:32:48 IST" name="demo" finished-at="2023-03-22T01:32:48 IST" duration-ms="4" status="PASS">
          <reporter-output>
          </reporter-output>
        </test-method> <!-- demo -->
        <test-method signature="demo2()[pri:0, instance:testScript.Practice@e056f20]" started-at="2023-03-22T01:32:48 IST" name="demo2" finished-at="2023-03-22T01:32:48 IST" duration-ms="2" status="PASS">
          <reporter-output>
          </reporter-output>
        </test-method> <!-- demo2 -->
      </class> <!-- testScript.Practice -->
    </test> <!-- Test -->
  </suite> <!-- Suite -->
</testng-results>
